C:\USERS\ELLISON\DOCUMENTS\VISUAL STUDIO 2012\PROJECTS\OF_V0.8.4_VS_RELEASE\EXAMPLES\3D\ORIENTATIONEXAMPLE\OBJ\DEBUG\MAIN.OBJ
C:\USERS\ELLISON\DOCUMENTS\VISUAL STUDIO 2012\PROJECTS\OF_V0.8.4_VS_RELEASE\EXAMPLES\3D\ORIENTATIONEXAMPLE\OBJ\DEBUG\OFAPP.OBJ
C:\USERS\ELLISON\DOCUMENTS\VISUAL STUDIO 2012\PROJECTS\OF_V0.8.4_VS_RELEASE\EXAMPLES\3D\ORIENTATIONEXAMPLE\OBJ\DEBUG\TERRAIN.OBJ
C:\USERS\ELLISON\DOCUMENTS\VISUAL STUDIO 2012\PROJECTS\OF_V0.8.4_VS_RELEASE\EXAMPLES\3D\ORIENTATIONEXAMPLE\OBJ\DEBUG\VC110.PDB
C:\USERS\ELLISON\DOCUMENTS\VISUAL STUDIO 2012\PROJECTS\OF_V0.8.4_VS_RELEASE\EXAMPLES\3D\ORIENTATIONEXAMPLE\BIN\ORIENTATIONEXAMPLE_DEBUG.ILK
C:\USERS\ELLISON\DOCUMENTS\VISUAL STUDIO 2012\PROJECTS\OF_V0.8.4_VS_RELEASE\EXAMPLES\3D\ORIENTATIONEXAMPLE\BIN\ORIENTATIONEXAMPLE_DEBUG.EXE
C:\USERS\ELLISON\DOCUMENTS\VISUAL STUDIO 2012\PROJECTS\OF_V0.8.4_VS_RELEASE\EXAMPLES\3D\ORIENTATIONEXAMPLE\BIN\ORIENTATIONEXAMPLE_DEBUG.PDB
C:\Users\Ellison\Documents\Visual Studio 2012\Projects\of_v0.8.4_vs_release\examples\3d\orientationExample\bin\orientationExample_debug.lib
C:\Users\Ellison\Documents\Visual Studio 2012\Projects\of_v0.8.4_vs_release\examples\3d\orientationExample\bin\orientationExample_debug.exp
C:\USERS\ELLISON\DOCUMENTS\VISUAL STUDIO 2012\PROJECTS\OF_V0.8.4_VS_RELEASE\EXAMPLES\3D\ORIENTATIONEXAMPLE\OBJ\DEBUG\ICON.RES
C:\Users\Ellison\Documents\Visual Studio 2012\Projects\of_v0.8.4_vs_release\examples\3d\orientationExample\obj\Debug\orientationExample.vcxprojResolveAssemblyReference.cache
C:\Users\Ellison\Documents\Visual Studio 2012\Projects\of_v0.8.4_vs_release\examples\3d\orientationExample\obj\Debug\main.obj
C:\Users\Ellison\Documents\Visual Studio 2012\Projects\of_v0.8.4_vs_release\examples\3d\orientationExample\obj\Debug\ofApp.obj
C:\Users\Ellison\Documents\Visual Studio 2012\Projects\of_v0.8.4_vs_release\examples\3d\orientationExample\obj\Debug\Terrain.obj
C:\Users\Ellison\Documents\Visual Studio 2012\Projects\of_v0.8.4_vs_release\examples\3d\orientationExample\obj\Debug\cl.command.1.tlog
C:\Users\Ellison\Documents\Visual Studio 2012\Projects\of_v0.8.4_vs_release\examples\3d\orientationExample\obj\Debug\CL.read.1.tlog
C:\Users\Ellison\Documents\Visual Studio 2012\Projects\of_v0.8.4_vs_release\examples\3d\orientationExample\obj\Debug\CL.write.1.tlog
C:\Users\Ellison\Documents\Visual Studio 2012\Projects\of_v0.8.4_vs_release\examples\3d\orientationExample\obj\Debug\link-cvtres.read.1.tlog
C:\Users\Ellison\Documents\Visual Studio 2012\Projects\of_v0.8.4_vs_release\examples\3d\orientationExample\obj\Debug\link-cvtres.write.1.tlog
C:\Users\Ellison\Documents\Visual Studio 2012\Projects\of_v0.8.4_vs_release\examples\3d\orientationExample\obj\Debug\link-rc.read.1.tlog
C:\Users\Ellison\Documents\Visual Studio 2012\Projects\of_v0.8.4_vs_release\examples\3d\orientationExample\obj\Debug\link-rc.write.1.tlog
C:\Users\Ellison\Documents\Visual Studio 2012\Projects\of_v0.8.4_vs_release\examples\3d\orientationExample\obj\Debug\link.command.1.tlog
C:\Users\Ellison\Documents\Visual Studio 2012\Projects\of_v0.8.4_vs_release\examples\3d\orientationExample\obj\Debug\link.read.1.tlog
C:\Users\Ellison\Documents\Visual Studio 2012\Projects\of_v0.8.4_vs_release\examples\3d\orientationExample\obj\Debug\link.write.1.tlog
C:\Users\Ellison\Documents\Visual Studio 2012\Projects\of_v0.8.4_vs_release\examples\3d\orientationExample\obj\Debug\orientationExample.write.1.tlog
C:\Users\Ellison\Documents\Visual Studio 2012\Projects\of_v0.8.4_vs_release\examples\3d\orientationExample\obj\Debug\rc.command.1.tlog
C:\Users\Ellison\Documents\Visual Studio 2012\Projects\of_v0.8.4_vs_release\examples\3d\orientationExample\obj\Debug\rc.read.1.tlog
C:\Users\Ellison\Documents\Visual Studio 2012\Projects\of_v0.8.4_vs_release\examples\3d\orientationExample\obj\Debug\rc.write.1.tlog
C:\Users\Ellison\Documents\Visual Studio 2012\Projects\of_v0.8.4_vs_release\examples\3d\orientationExample\obj\Debug\icon.res
C:\Users\Ellison\Documents\Visual Studio 2012\Projects\of_v0.8.4_vs_release\examples\3d\orientationExample\obj\Debug\vc110.idb
C:\Users\Ellison\Documents\Visual Studio 2012\Projects\of_v0.8.4_vs_release\examples\3d\orientationExample\obj\Debug\vc110.pdb
C:\Users\Ellison\Documents\Visual Studio 2012\Projects\of_v0.8.4_vs_release\examples\3d\orientationExample\bin\orientationExample_debug.exe
